<?xml version="1.0" encoding="utf-8"?><testsuites name="pytest tests"><testsuite name="pytest" errors="0" failures="0" skipped="0" tests="5" time="7.716" timestamp="2026-08-18T16:35:49.572139+00:00" hostname="agent-env-c161e429-1107-4455-8d74-1595da0cd99a"><testcase classname="tests.backend_test" name="test_root" time="0.160" /><testcase classname="tests.backend_test" name="test_email_success_schema" time="1.829" /><testcase classname="tests.backend_test" name="test_lead_success_schema" time="1.772" /><testcase classname="tests.backend_test" name="test_email_empty_returns_422" time="0.125" /><testcase classname="tests.backend_test" name="test_email_truncates_long_input" time="2.076" /></testsuite></testsuites>