<?xml version="1.0" encoding="utf-8"?><testsuites name="pytest tests"><testsuite name="pytest" errors="0" failures="0" skipped="0" tests="6" time="27.635" timestamp="2026-08-18T10:24:56.866700+00:00" hostname="agent-env-c161e429-1107-4455-8d74-1595da0cd99a"><testcase classname="tests.backend_test" name="test_root" time="0.624" /><testcase classname="tests.backend_test" name="test_email_success_schema" time="7.020" /><testcase classname="tests.backend_test" name="test_lead_success_schema" time="2.641" /><testcase classname="tests.backend_test" name="test_email_empty_returns_422" time="0.184" /><testcase classname="tests.backend_test" name="test_email_truncates_long_input" time="2.261" /><testcase classname="tests.backend_test" name="test_email_rate_limit_per_session" time="12.948" /></testsuite></testsuites>